
98715 : 0xd44dfa66e38dc : 4 : __ittapi_collector_init :  pthread_atfork() result: 0
98715 : 0xd44dfa670a690 : 2 : ittapi_config_mask_get :  --itt-config mask to be applied: 17
98715 : 0xd44dfa670e51c : 2 : ittapi_config_apply_per_lib :  ITTAPI function instrumented: __itt_domain_create
98715 : 0xd44dfa670ee53 : 2 : ittapi_config_apply_per_lib :  ITTAPI function instrumented: __itt_string_handle_create
98715 : 0xd44dfa670f484 : 2 : ittapi_config_apply_per_lib :  ITTAPI function instrumented: __itt_pause
98715 : 0xd44dfa670feb6 : 2 : ittapi_config_apply_per_lib :  ITTAPI function instrumented: __itt_resume
98715 : 0xd44dfa67104d3 : 2 : ittapi_config_apply_per_lib :  ITTAPI function instrumented: __itt_thread_set_name
98715 : 0xd44dfa6710a45 : 2 : ittapi_config_apply_per_lib :  ITTAPI function instrumented: __itt_thread_ignore
98715 : 0xd44dfa6710fd3 : 2 : ittapi_config_apply_per_lib :  ITTAPI function instrumented: __itt_thr_name_set
98715 : 0xd44dfa67115e2 : 2 : ittapi_config_apply_per_lib :  ITTAPI function instrumented: __itt_thr_ignore
98715 : 0xd44dfa68db804 : 2 : ittapi_config_apply_per_lib :  ITTAPI function not implemented: __itt_enable_attach
98715 : 0xd44dfa68dcba2 : 2 : ittapi_config_apply_per_lib :  ITTAPI function NOT instrumented (not matched by --itt-config option): __itt_sync_create

98715 : 0xd44dfa68dd57f : 2 : ittapi_config_apply_per_lib :  ITTAPI function NOT instrumented (not matched by --itt-config option): __itt_sync_rename

98715 : 0xd44dfa68ddc08 : 2 : ittapi_config_apply_per_lib :  ITTAPI function NOT instrumented (not matched by --itt-config option): __itt_sync_destroy

98715 : 0xd44dfa68de2e6 : 2 : ittapi_config_apply_per_lib :  ITTAPI function NOT instrumented (not matched by --itt-config option): __itt_sync_prepare

98715 : 0xd44dfa68de919 : 2 : ittapi_config_apply_per_lib :  ITTAPI function NOT instrumented (not matched by --itt-config option): __itt_sync_cancel

98715 : 0xd44dfa68def3f : 2 : ittapi_config_apply_per_lib :  ITTAPI function NOT instrumented (not matched by --itt-config option): __itt_sync_acquired

98715 : 0xd44dfa68df5a6 : 2 : ittapi_config_apply_per_lib :  ITTAPI function NOT instrumented (not matched by --itt-config option): __itt_sync_releasing

98715 : 0xd44dfa68e162d : 2 : ittapi_config_apply_per_lib :  ITTAPI function not implemented: __itt_suppress_push
98715 : 0xd44dfa68e231a : 2 : ittapi_config_apply_per_lib :  ITTAPI function not implemented: __itt_suppress_pop
98715 : 0xd44dfa6a1cc7d : 2 : ittapi_config_apply_per_lib :  ITTAPI function not implemented: __itt_suppress_mark_range
98715 : 0xd44dfa6a1db46 : 2 : ittapi_config_apply_per_lib :  ITTAPI function not implemented: __itt_suppress_clear_range
98715 : 0xd44dfa6a1dfea : 2 : ittapi_config_apply_per_lib :  ITTAPI function NOT instrumented (not matched by --itt-config option): __itt_sync_prepare

98715 : 0xd44dfa6a1e3fa : 2 : ittapi_config_apply_per_lib :  ITTAPI function NOT instrumented (not matched by --itt-config option): __itt_sync_cancel

98715 : 0xd44dfa6a1e7e8 : 2 : ittapi_config_apply_per_lib :  ITTAPI function NOT instrumented (not matched by --itt-config option): __itt_sync_acquired

98715 : 0xd44dfa6a1ebd9 : 2 : ittapi_config_apply_per_lib :  ITTAPI function NOT instrumented (not matched by --itt-config option): __itt_sync_releasing

98715 : 0xd44dfa6a1f2b7 : 2 : ittapi_config_apply_per_lib :  ITTAPI function not implemented: __itt_model_site_begin
98715 : 0xd44dfa6a1f971 : 2 : ittapi_config_apply_per_lib :  ITTAPI function not implemented: __itt_model_site_end
98715 : 0xd44dfa6a20025 : 2 : ittapi_config_apply_per_lib :  ITTAPI function not implemented: __itt_model_task_begin
98715 : 0xd44dfa6a206c0 : 2 : ittapi_config_apply_per_lib :  ITTAPI function not implemented: __itt_model_task_end
98715 : 0xd44dfa6ac9e8e : 2 : ittapi_config_apply_per_lib :  ITTAPI function not implemented: __itt_model_lock_acquire
98715 : 0xd44dfa6acba0b : 2 : ittapi_config_apply_per_lib :  ITTAPI function not implemented: __itt_model_lock_release
98715 : 0xd44dfa6acc886 : 2 : ittapi_config_apply_per_lib :  ITTAPI function not implemented: __itt_model_record_allocation
98715 : 0xd44dfa6acd775 : 2 : ittapi_config_apply_per_lib :  ITTAPI function not implemented: __itt_model_record_deallocation
98715 : 0xd44dfa6ace5a0 : 2 : ittapi_config_apply_per_lib :  ITTAPI function not implemented: __itt_model_induction_uses
98715 : 0xd44dfa6acf3ca : 2 : ittapi_config_apply_per_lib :  ITTAPI function not implemented: __itt_model_reduction_uses
98715 : 0xd44dfa6ad01e4 : 2 : ittapi_config_apply_per_lib :  ITTAPI function not implemented: __itt_model_observe_uses
98715 : 0xd44dfa6ad1034 : 2 : ittapi_config_apply_per_lib :  ITTAPI function not implemented: __itt_model_clear_uses
98715 : 0xd44dfa6ad1f26 : 2 : ittapi_config_apply_per_lib :  ITTAPI function not implemented: __itt_model_site_beginA
98715 : 0xd44dfa6ad2d5b : 2 : ittapi_config_apply_per_lib :  ITTAPI function not implemented: __itt_model_site_beginAL
98715 : 0xd44dfa6b4c0fb : 2 : ittapi_config_apply_per_lib :  ITTAPI function not implemented: __itt_model_task_beginA
98715 : 0xd44dfa6b4cdde : 2 : ittapi_config_apply_per_lib :  ITTAPI function not implemented: __itt_model_task_beginAL
98715 : 0xd44dfa6b4d4a0 : 2 : ittapi_config_apply_per_lib :  ITTAPI function not implemented: __itt_model_iteration_taskA
98715 : 0xd44dfa6b4db44 : 2 : ittapi_config_apply_per_lib :  ITTAPI function not implemented: __itt_model_iteration_taskAL
98715 : 0xd44dfa6b4e158 : 2 : ittapi_config_apply_per_lib :  ITTAPI function not implemented: __itt_model_site_end_2
98715 : 0xd44dfa6b4e705 : 2 : ittapi_config_apply_per_lib :  ITTAPI function not implemented: __itt_model_task_end_2
98715 : 0xd44dfa6b4edd5 : 2 : ittapi_config_apply_per_lib :  ITTAPI function not implemented: __itt_model_lock_acquire_2
98715 : 0xd44dfa6b4f460 : 2 : ittapi_config_apply_per_lib :  ITTAPI function not implemented: __itt_model_lock_release_2
98715 : 0xd44dfa6b4fae6 : 2 : ittapi_config_apply_per_lib :  ITTAPI function not implemented: __itt_model_aggregate_task
98715 : 0xd44dfa6b5013b : 2 : ittapi_config_apply_per_lib :  ITTAPI function not implemented: __itt_model_disable_push
98715 : 0xd44dfa6be2ae9 : 2 : ittapi_config_apply_per_lib :  ITTAPI function not implemented: __itt_model_disable_pop
98715 : 0xd44dfa6be37de : 2 : ittapi_config_apply_per_lib :  ITTAPI function not implemented: __itt_heap_function_create
98715 : 0xd44dfa6be3eb0 : 2 : ittapi_config_apply_per_lib :  ITTAPI function not implemented: __itt_heap_allocate_begin
98715 : 0xd44dfa6be4530 : 2 : ittapi_config_apply_per_lib :  ITTAPI function not implemented: __itt_heap_allocate_end
98715 : 0xd44dfa6be4c67 : 2 : ittapi_config_apply_per_lib :  ITTAPI function not implemented: __itt_heap_free_begin
98715 : 0xd44dfa6be52ba : 2 : ittapi_config_apply_per_lib :  ITTAPI function not implemented: __itt_heap_free_end
98715 : 0xd44dfa6be5958 : 2 : ittapi_config_apply_per_lib :  ITTAPI function not implemented: __itt_heap_reallocate_begin
98715 : 0xd44dfa6be5f80 : 2 : ittapi_config_apply_per_lib :  ITTAPI function not implemented: __itt_heap_reallocate_end
98715 : 0xd44dfa6be66a7 : 2 : ittapi_config_apply_per_lib :  ITTAPI function not implemented: __itt_heap_internal_access_begin
98715 : 0xd44dfa6be6d78 : 2 : ittapi_config_apply_per_lib :  ITTAPI function not implemented: __itt_heap_internal_access_end
98715 : 0xd44dfa6c6c9cd : 2 : ittapi_config_apply_per_lib :  ITTAPI function not implemented: __itt_heap_record_memory_growth_begin
98715 : 0xd44dfa6c6e2f9 : 2 : ittapi_config_apply_per_lib :  ITTAPI function not implemented: __itt_heap_record_memory_growth_end
98715 : 0xd44dfa6c6f0f8 : 2 : ittapi_config_apply_per_lib :  ITTAPI function not implemented: __itt_heap_reset_detection
98715 : 0xd44dfa6c6fec2 : 2 : ittapi_config_apply_per_lib :  ITTAPI function not implemented: __itt_heap_record
98715 : 0xd44dfa6c70cb1 : 2 : ittapi_config_apply_per_lib :  ITTAPI function not implemented: __itt_id_create
98715 : 0xd44dfa6c71a3b : 2 : ittapi_config_apply_per_lib :  ITTAPI function not implemented: __itt_id_destroy
98715 : 0xd44dfa6c727b2 : 2 : ittapi_config_apply_per_lib :  ITTAPI function instrumented: __itt_get_timestamp
98715 : 0xd44dfa6c735a1 : 2 : ittapi_config_apply_per_lib :  ITTAPI function not implemented: __itt_region_begin
98715 : 0xd44dfa6c742c1 : 2 : ittapi_config_apply_per_lib :  ITTAPI function not implemented: __itt_region_end
98715 : 0xd44dfa6c74e8d : 2 : ittapi_config_apply_per_lib :  ITTAPI function instrumented: __itt_frame_begin_v3
98715 : 0xd44dfa6cf3276 : 2 : ittapi_config_apply_per_lib :  ITTAPI function instrumented: __itt_frame_end_v3
98715 : 0xd44dfa6cf3df0 : 2 : ittapi_config_apply_per_lib :  ITTAPI function instrumented: __itt_frame_submit_v3
98715 : 0xd44dfa6cf4216 : 2 : ittapi_config_apply_per_lib :  ITTAPI function NOT instrumented (not matched by --itt-config option): __itt_task_group

98715 : 0xd44dfa6cf4659 : 2 : ittapi_config_apply_per_lib :  ITTAPI function NOT instrumented (not matched by --itt-config option): __itt_task_begin

98715 : 0xd44dfa6cf4a11 : 2 : ittapi_config_apply_per_lib :  ITTAPI function NOT instrumented (not matched by --itt-config option): __itt_task_begin_fn

98715 : 0xd44dfa6cf4e3c : 2 : ittapi_config_apply_per_lib :  ITTAPI function NOT instrumented (not matched by --itt-config option): __itt_task_end

98715 : 0xd44dfa6cf572c : 2 : ittapi_config_apply_per_lib :  ITTAPI function not implemented: __itt_counter_inc_v3
98715 : 0xd44dfa6cf5e98 : 2 : ittapi_config_apply_per_lib :  ITTAPI function not implemented: __itt_counter_inc_delta_v3
98715 : 0xd44dfa6cf64d3 : 2 : ittapi_config_apply_per_lib :  ITTAPI function not implemented: __itt_marker
98715 : 0xd44dfa6cf6a9b : 2 : ittapi_config_apply_per_lib :  ITTAPI function instrumented: __itt_metadata_add
98715 : 0xd44dfa6d66da4 : 2 : ittapi_config_apply_per_lib :  ITTAPI function not implemented: __itt_metadata_str_add
98715 : 0xd44dfa6d67a20 : 2 : ittapi_config_apply_per_lib :  ITTAPI function not implemented: __itt_relation_add_to_current
98715 : 0xd44dfa6d6807f : 2 : ittapi_config_apply_per_lib :  ITTAPI function not implemented: __itt_relation_add
98715 : 0xd44dfa6d68661 : 2 : ittapi_config_apply_per_lib :  ITTAPI function instrumented: __itt_event_create
98715 : 0xd44dfa6d68a4d : 2 : ittapi_config_apply_per_lib :  ITTAPI function NOT instrumented (not matched by --itt-config option): __itt_event_start

98715 : 0xd44dfa6d68e5b : 2 : ittapi_config_apply_per_lib :  ITTAPI function NOT instrumented (not matched by --itt-config option): __itt_event_end

98715 : 0xd44dfa6d69249 : 2 : ittapi_config_apply_per_lib :  ITTAPI function NOT instrumented (not matched by --itt-config option): __itt_sync_set_name

98715 : 0xd44dfa6d6975d : 2 : ittapi_config_apply_per_lib :  ITTAPI function instrumented: __itt_notify_sync_name
98715 : 0xd44dfa6d69cb7 : 2 : ittapi_config_apply_per_lib :  ITTAPI function instrumented: __itt_notify_sync_prepare
98715 : 0xd44dfa6d6a1fc : 2 : ittapi_config_apply_per_lib :  ITTAPI function instrumented: __itt_notify_sync_cancel
98715 : 0xd44dfa6ddaa19 : 2 : ittapi_config_apply_per_lib :  ITTAPI function instrumented: __itt_notify_sync_acquired
98715 : 0xd44dfa6ddb392 : 2 : ittapi_config_apply_per_lib :  ITTAPI function instrumented: __itt_notify_sync_releasing
98715 : 0xd44dfa6ddbbe1 : 2 : ittapi_config_apply_per_lib :  ITTAPI function not implemented: __itt_memory_read
98715 : 0xd44dfa6ddc33e : 2 : ittapi_config_apply_per_lib :  ITTAPI function not implemented: __itt_memory_write
98715 : 0xd44dfa6ddc9ad : 2 : ittapi_config_apply_per_lib :  ITTAPI function not implemented: __itt_memory_update
98715 : 0xd44dfa6ddd044 : 2 : ittapi_config_apply_per_lib :  ITTAPI function not implemented: __itt_state_get
98715 : 0xd44dfa6ddd651 : 2 : ittapi_config_apply_per_lib :  ITTAPI function not implemented: __itt_state_set
98715 : 0xd44dfa6dddc39 : 2 : ittapi_config_apply_per_lib :  ITTAPI function not implemented: __itt_obj_mode_set
98715 : 0xd44dfa6dde2b3 : 2 : ittapi_config_apply_per_lib :  ITTAPI function not implemented: __itt_thr_mode_set
98715 : 0xd44dfa6dde7ee : 2 : ittapi_config_apply_per_lib :  ITTAPI function instrumented: __itt_frame_create
98715 : 0xd44dfa6e504d0 : 2 : ittapi_config_apply_per_lib :  ITTAPI function instrumented: __itt_frame_begin
98715 : 0xd44dfa6e519fc : 2 : ittapi_config_apply_per_lib :  ITTAPI function instrumented: __itt_frame_end
98715 : 0xd44dfa6e52b08 : 2 : ittapi_config_apply_per_lib :  ITTAPI function not implemented: __itt_counter_create
98715 : 0xd44dfa6e53a22 : 2 : ittapi_config_apply_per_lib :  ITTAPI function not implemented: __itt_counter_destroy
98715 : 0xd44dfa6e547d8 : 2 : ittapi_config_apply_per_lib :  ITTAPI function not implemented: __itt_counter_inc
98715 : 0xd44dfa6e55754 : 2 : ittapi_config_apply_per_lib :  ITTAPI function not implemented: __itt_counter_inc_delta
98715 : 0xd44dfa6e5654c : 2 : ittapi_config_apply_per_lib :  ITTAPI function not implemented: __itt_mark_create
98715 : 0xd44dfa6e57258 : 2 : ittapi_config_apply_per_lib :  ITTAPI function not implemented: __itt_mark
98715 : 0xd44dfa6e58158 : 2 : ittapi_config_apply_per_lib :  ITTAPI function not implemented: __itt_mark_off
98715 : 0xd44dfa6e58f58 : 2 : ittapi_config_apply_per_lib :  ITTAPI function not implemented: __itt_mark_global
98715 : 0xd44dfa6edb217 : 2 : ittapi_config_apply_per_lib :  ITTAPI function not implemented: __itt_mark_global_off
98715 : 0xd44dfa6edbdd4 : 2 : ittapi_config_apply_per_lib :  ITTAPI function instrumented: __itt_stack_caller_create
98715 : 0xd44dfa6edc371 : 2 : ittapi_config_apply_per_lib :  ITTAPI function instrumented: __itt_stack_caller_destroy
98715 : 0xd44dfa6edc915 : 2 : ittapi_config_apply_per_lib :  ITTAPI function instrumented: __itt_stack_callee_enter
98715 : 0xd44dfa6edce69 : 2 : ittapi_config_apply_per_lib :  ITTAPI function instrumented: __itt_stack_callee_leave
98715 : 0xd44dfa6edd4a0 : 2 : ittapi_config_apply_per_lib :  ITTAPI function not implemented: __itt_clock_domain_create
98715 : 0xd44dfa6eddb44 : 2 : ittapi_config_apply_per_lib :  ITTAPI function not implemented: __itt_clock_domain_reset
98715 : 0xd44dfa6ede1a1 : 2 : ittapi_config_apply_per_lib :  ITTAPI function not implemented: __itt_id_create_ex
98715 : 0xd44dfa6ede7fd : 2 : ittapi_config_apply_per_lib :  ITTAPI function not implemented: __itt_id_destroy_ex
98715 : 0xd44dfa6edebdb : 2 : ittapi_config_apply_per_lib :  ITTAPI function NOT instrumented (not matched by --itt-config option): __itt_task_begin_ex

98715 : 0xd44dfa6f565d2 : 2 : ittapi_config_apply_per_lib :  ITTAPI function NOT instrumented (not matched by --itt-config option): __itt_task_begin_fn_ex

98715 : 0xd44dfa6f56eb4 : 2 : ittapi_config_apply_per_lib :  ITTAPI function NOT instrumented (not matched by --itt-config option): __itt_task_end_ex

98715 : 0xd44dfa6f57289 : 2 : ittapi_config_apply_per_lib :  ITTAPI function NOT instrumented (not matched by --itt-config option): __itt_task_begin_overlapped

98715 : 0xd44dfa6f5769f : 2 : ittapi_config_apply_per_lib :  ITTAPI function NOT instrumented (not matched by --itt-config option): __itt_task_begin_overlapped_ex

98715 : 0xd44dfa6f57ab2 : 2 : ittapi_config_apply_per_lib :  ITTAPI function NOT instrumented (not matched by --itt-config option): __itt_task_end_overlapped

98715 : 0xd44dfa6f57eac : 2 : ittapi_config_apply_per_lib :  ITTAPI function NOT instrumented (not matched by --itt-config option): __itt_task_end_overlapped_ex

98715 : 0xd44dfa6f58a27 : 2 : ittapi_config_apply_per_lib :  ITTAPI function not implemented: __itt_marker_ex
98715 : 0xd44dfa6f59135 : 2 : ittapi_config_apply_per_lib :  ITTAPI function not implemented: __itt_metadata_add_with_scope
98715 : 0xd44dfa6f59844 : 2 : ittapi_config_apply_per_lib :  ITTAPI function not implemented: __itt_metadata_str_add_with_scope
98715 : 0xd44dfa6f59f63 : 2 : ittapi_config_apply_per_lib :  ITTAPI function not implemented: __itt_relation_add_to_current_ex
98715 : 0xd44dfa6fc98d8 : 2 : ittapi_config_apply_per_lib :  ITTAPI function not implemented: __itt_relation_add_ex
98715 : 0xd44dfa6fca501 : 2 : ittapi_config_apply_per_lib :  ITTAPI function not implemented: __itt_track_group_create
98715 : 0xd44dfa6fcabc2 : 2 : ittapi_config_apply_per_lib :  ITTAPI function not implemented: __itt_track_create
98715 : 0xd44dfa6fcb221 : 2 : ittapi_config_apply_per_lib :  ITTAPI function not implemented: __itt_set_track
98715 : 0xd44dfa6fcb753 : 2 : ittapi_config_apply_per_lib :  ITTAPI function instrumented: __itt_api_version
98715 : 0xd44dfa6fcbd7c : 2 : ittapi_config_apply_per_lib :  ITTAPI function not implemented: __itt_av_save
98715 : 0xd44dfa6ff820c : 2 : ittapi_config_mask_get :  --itt-config mask to be applied: 17
98715 : 0xd44dfa6ff8e2f : 2 : ittapi_config_apply_per_lib :  ITTAPI function instrumented: __itt_domain_create
98715 : 0xd44dfa6ff93dc : 2 : ittapi_config_apply_per_lib :  ITTAPI function instrumented: __itt_string_handle_create
98715 : 0xd44dfa6ff99b3 : 2 : ittapi_config_apply_per_lib :  ITTAPI function instrumented: __itt_pause
98715 : 0xd44dfa70b53df : 2 : ittapi_config_apply_per_lib :  ITTAPI function instrumented: __itt_resume
98715 : 0xd44dfa70b5f62 : 2 : ittapi_config_apply_per_lib :  ITTAPI function instrumented: __itt_thread_set_name
98715 : 0xd44dfa70b652a : 2 : ittapi_config_apply_per_lib :  ITTAPI function instrumented: __itt_thread_ignore
98715 : 0xd44dfa70b6a69 : 2 : ittapi_config_apply_per_lib :  ITTAPI function instrumented: __itt_thr_name_set
98715 : 0xd44dfa70b6f88 : 2 : ittapi_config_apply_per_lib :  ITTAPI function instrumented: __itt_thr_ignore
98715 : 0xd44dfa70b7858 : 2 : ittapi_config_apply_per_lib :  ITTAPI function not implemented: __itt_enable_attach
98715 : 0xd44dfa70b7d1b : 2 : ittapi_config_apply_per_lib :  ITTAPI function NOT instrumented (not matched by --itt-config option): __itt_sync_create

98715 : 0xd44dfa70b8190 : 2 : ittapi_config_apply_per_lib :  ITTAPI function NOT instrumented (not matched by --itt-config option): __itt_sync_rename

98715 : 0xd44dfa70b857f : 2 : ittapi_config_apply_per_lib :  ITTAPI function NOT instrumented (not matched by --itt-config option): __itt_sync_destroy

98715 : 0xd44dfa70b8996 : 2 : ittapi_config_apply_per_lib :  ITTAPI function NOT instrumented (not matched by --itt-config option): __itt_sync_prepare

98715 : 0xd44dfa713682f : 2 : ittapi_config_apply_per_lib :  ITTAPI function NOT instrumented (not matched by --itt-config option): __itt_sync_cancel

98715 : 0xd44dfa71379a1 : 2 : ittapi_config_apply_per_lib :  ITTAPI function NOT instrumented (not matched by --itt-config option): __itt_sync_acquired

98715 : 0xd44dfa713820e : 2 : ittapi_config_apply_per_lib :  ITTAPI function NOT instrumented (not matched by --itt-config option): __itt_sync_releasing

98715 : 0xd44dfa7139845 : 2 : ittapi_config_apply_per_lib :  ITTAPI function not implemented: __itt_suppress_push
98715 : 0xd44dfa713a8df : 2 : ittapi_config_apply_per_lib :  ITTAPI function not implemented: __itt_suppress_pop
98715 : 0xd44dfa713b77b : 2 : ittapi_config_apply_per_lib :  ITTAPI function not implemented: __itt_suppress_mark_range
98715 : 0xd44dfa713c78c : 2 : ittapi_config_apply_per_lib :  ITTAPI function not implemented: __itt_suppress_clear_range
98715 : 0xd44dfa713d07e : 2 : ittapi_config_apply_per_lib :  ITTAPI function NOT instrumented (not matched by --itt-config option): __itt_sync_prepare

98715 : 0xd44dfa713d88d : 2 : ittapi_config_apply_per_lib :  ITTAPI function NOT instrumented (not matched by --itt-config option): __itt_sync_cancel

98715 : 0xd44dfa713e0bb : 2 : ittapi_config_apply_per_lib :  ITTAPI function NOT instrumented (not matched by --itt-config option): __itt_sync_acquired

98715 : 0xd44dfa71ff53a : 2 : ittapi_config_apply_per_lib :  ITTAPI function NOT instrumented (not matched by --itt-config option): __itt_sync_releasing

98715 : 0xd44dfa72007d5 : 2 : ittapi_config_apply_per_lib :  ITTAPI function not implemented: __itt_model_site_begin
98715 : 0xd44dfa7200f37 : 2 : ittapi_config_apply_per_lib :  ITTAPI function not implemented: __itt_model_site_end
98715 : 0xd44dfa72015e3 : 2 : ittapi_config_apply_per_lib :  ITTAPI function not implemented: __itt_model_task_begin
98715 : 0xd44dfa7201c40 : 2 : ittapi_config_apply_per_lib :  ITTAPI function not implemented: __itt_model_task_end
98715 : 0xd44dfa7202274 : 2 : ittapi_config_apply_per_lib :  ITTAPI function not implemented: __itt_model_lock_acquire
98715 : 0xd44dfa720289e : 2 : ittapi_config_apply_per_lib :  ITTAPI function not implemented: __itt_model_lock_release
98715 : 0xd44dfa7202f6a : 2 : ittapi_config_apply_per_lib :  ITTAPI function not implemented: __itt_model_record_allocation
98715 : 0xd44dfa7203657 : 2 : ittapi_config_apply_per_lib :  ITTAPI function not implemented: __itt_model_record_deallocation
98715 : 0xd44dfa7203cc6 : 2 : ittapi_config_apply_per_lib :  ITTAPI function not implemented: __itt_model_induction_uses
98715 : 0xd44dfa72d8738 : 2 : ittapi_config_apply_per_lib :  ITTAPI function not implemented: __itt_model_reduction_uses
98715 : 0xd44dfa72d93ac : 2 : ittapi_config_apply_per_lib :  ITTAPI function not implemented: __itt_model_observe_uses
98715 : 0xd44dfa72d9a82 : 2 : ittapi_config_apply_per_lib :  ITTAPI function not implemented: __itt_model_clear_uses
98715 : 0xd44dfa72da16b : 2 : ittapi_config_apply_per_lib :  ITTAPI function not implemented: __itt_model_site_beginA
98715 : 0xd44dfa72da814 : 2 : ittapi_config_apply_per_lib :  ITTAPI function not implemented: __itt_model_site_beginAL
98715 : 0xd44dfa72dae6d : 2 : ittapi_config_apply_per_lib :  ITTAPI function not implemented: __itt_model_task_beginA
98715 : 0xd44dfa72db515 : 2 : ittapi_config_apply_per_lib :  ITTAPI function not implemented: __itt_model_task_beginAL
98715 : 0xd44dfa72dbbba : 2 : ittapi_config_apply_per_lib :  ITTAPI function not implemented: __itt_model_iteration_taskA
98715 : 0xd44dfa72dcef8 : 2 : ittapi_config_apply_per_lib :  ITTAPI function not implemented: __itt_model_iteration_taskAL
98715 : 0xd44dfa72dd58d : 2 : ittapi_config_apply_per_lib :  ITTAPI function not implemented: __itt_model_site_end_2
98715 : 0xd44dfa735bf17 : 2 : ittapi_config_apply_per_lib :  ITTAPI function not implemented: __itt_model_task_end_2
98715 : 0xd44dfa735cb44 : 2 : ittapi_config_apply_per_lib :  ITTAPI function not implemented: __itt_model_lock_acquire_2
98715 : 0xd44dfa735d21d : 2 : ittapi_config_apply_per_lib :  ITTAPI function not implemented: __itt_model_lock_release_2
98715 : 0xd44dfa735d86e : 2 : ittapi_config_apply_per_lib :  ITTAPI function not implemented: __itt_model_aggregate_task
98715 : 0xd44dfa735dee0 : 2 : ittapi_config_apply_per_lib :  ITTAPI function not implemented: __itt_model_disable_push
98715 : 0xd44dfa735e51b : 2 : ittapi_config_apply_per_lib :  ITTAPI function not implemented: __itt_model_disable_pop
98715 : 0xd44dfa735ebd1 : 2 : ittapi_config_apply_per_lib :  ITTAPI function not implemented: __itt_heap_function_create
98715 : 0xd44dfa735f281 : 2 : ittapi_config_apply_per_lib :  ITTAPI function not implemented: __itt_heap_allocate_begin
98715 : 0xd44dfa735f88a : 2 : ittapi_config_apply_per_lib :  ITTAPI function not implemented: __itt_heap_allocate_end
98715 : 0xd44dfa735ff7c : 2 : ittapi_config_apply_per_lib :  ITTAPI function not implemented: __itt_heap_free_begin
98715 : 0xd44dfa73e23d3 : 2 : ittapi_config_apply_per_lib :  ITTAPI function not implemented: __itt_heap_free_end
98715 : 0xd44dfa73e2f85 : 2 : ittapi_config_apply_per_lib :  ITTAPI function not implemented: __itt_heap_reallocate_begin
98715 : 0xd44dfa73e35ee : 2 : ittapi_config_apply_per_lib :  ITTAPI function not implemented: __itt_heap_reallocate_end
98715 : 0xd44dfa73e3ce1 : 2 : ittapi_config_apply_per_lib :  ITTAPI function not implemented: __itt_heap_internal_access_begin
98715 : 0xd44dfa73e43e5 : 2 : ittapi_config_apply_per_lib :  ITTAPI function not implemented: __itt_heap_internal_access_end
98715 : 0xd44dfa73e4abb : 2 : ittapi_config_apply_per_lib :  ITTAPI function not implemented: __itt_heap_record_memory_growth_begin
98715 : 0xd44dfa73e517d : 2 : ittapi_config_apply_per_lib :  ITTAPI function not implemented: __itt_heap_record_memory_growth_end
98715 : 0xd44dfa73e5830 : 2 : ittapi_config_apply_per_lib :  ITTAPI function not implemented: __itt_heap_reset_detection
98715 : 0xd44dfa73e5e52 : 2 : ittapi_config_apply_per_lib :  ITTAPI function not implemented: __itt_heap_record
98715 : 0xd44dfa73e64f3 : 2 : ittapi_config_apply_per_lib :  ITTAPI function not implemented: __itt_id_create
98715 : 0xd44dfa745822c : 2 : ittapi_config_apply_per_lib :  ITTAPI function not implemented: __itt_id_destroy
98715 : 0xd44dfa7458e02 : 2 : ittapi_config_apply_per_lib :  ITTAPI function instrumented: __itt_get_timestamp
98715 : 0xd44dfa745946b : 2 : ittapi_config_apply_per_lib :  ITTAPI function not implemented: __itt_region_begin
98715 : 0xd44dfa7459a75 : 2 : ittapi_config_apply_per_lib :  ITTAPI function not implemented: __itt_region_end
98715 : 0xd44dfa745a00e : 2 : ittapi_config_apply_per_lib :  ITTAPI function instrumented: __itt_frame_begin_v3
98715 : 0xd44dfa745a569 : 2 : ittapi_config_apply_per_lib :  ITTAPI function instrumented: __itt_frame_end_v3
98715 : 0xd44dfa745aade : 2 : ittapi_config_apply_per_lib :  ITTAPI function instrumented: __itt_frame_submit_v3
98715 : 0xd44dfa745aee6 : 2 : ittapi_config_apply_per_lib :  ITTAPI function NOT instrumented (not matched by --itt-config option): __itt_task_group

98715 : 0xd44dfa745b311 : 2 : ittapi_config_apply_per_lib :  ITTAPI function NOT instrumented (not matched by --itt-config option): __itt_task_begin

98715 : 0xd44dfa745b6c5 : 2 : ittapi_config_apply_per_lib :  ITTAPI function NOT instrumented (not matched by --itt-config option): __itt_task_begin_fn

98715 : 0xd44dfa74de59f : 2 : ittapi_config_apply_per_lib :  ITTAPI function NOT instrumented (not matched by --itt-config option): __itt_task_end

98715 : 0xd44dfa74df46e : 2 : ittapi_config_apply_per_lib :  ITTAPI function not implemented: __itt_counter_inc_v3
98715 : 0xd44dfa74dfbe0 : 2 : ittapi_config_apply_per_lib :  ITTAPI function not implemented: __itt_counter_inc_delta_v3
98715 : 0xd44dfa74e0263 : 2 : ittapi_config_apply_per_lib :  ITTAPI function not implemented: __itt_marker
98715 : 0xd44dfa74e0849 : 2 : ittapi_config_apply_per_lib :  ITTAPI function instrumented: __itt_metadata_add
98715 : 0xd44dfa74e0ee1 : 2 : ittapi_config_apply_per_lib :  ITTAPI function not implemented: __itt_metadata_str_add
98715 : 0xd44dfa74e1592 : 2 : ittapi_config_apply_per_lib :  ITTAPI function not implemented: __itt_relation_add_to_current
98715 : 0xd44dfa74e1bce : 2 : ittapi_config_apply_per_lib :  ITTAPI function not implemented: __itt_relation_add
98715 : 0xd44dfa74e214b : 2 : ittapi_config_apply_per_lib :  ITTAPI function instrumented: __itt_event_create
98715 : 0xd44dfa74e24f8 : 2 : ittapi_config_apply_per_lib :  ITTAPI function NOT instrumented (not matched by --itt-config option): __itt_event_start

98715 : 0xd44dfa75649b4 : 2 : ittapi_config_apply_per_lib :  ITTAPI function NOT instrumented (not matched by --itt-config option): __itt_event_end

98715 : 0xd44dfa756536c : 2 : ittapi_config_apply_per_lib :  ITTAPI function NOT instrumented (not matched by --itt-config option): __itt_sync_set_name

98715 : 0xd44dfa7565b93 : 2 : ittapi_config_apply_per_lib :  ITTAPI function instrumented: __itt_notify_sync_name
98715 : 0xd44dfa7566100 : 2 : ittapi_config_apply_per_lib :  ITTAPI function instrumented: __itt_notify_sync_prepare
98715 : 0xd44dfa756661c : 2 : ittapi_config_apply_per_lib :  ITTAPI function instrumented: __itt_notify_sync_cancel
98715 : 0xd44dfa7566b92 : 2 : ittapi_config_apply_per_lib :  ITTAPI function instrumented: __itt_notify_sync_acquired
98715 : 0xd44dfa7567091 : 2 : ittapi_config_apply_per_lib :  ITTAPI function instrumented: __itt_notify_sync_releasing
98715 : 0xd44dfa756790f : 2 : ittapi_config_apply_per_lib :  ITTAPI function not implemented: __itt_memory_read
98715 : 0xd44dfa7568022 : 2 : ittapi_config_apply_per_lib :  ITTAPI function not implemented: __itt_memory_write
98715 : 0xd44dfa75686b1 : 2 : ittapi_config_apply_per_lib :  ITTAPI function not implemented: __itt_memory_update
98715 : 0xd44dfa75d8021 : 2 : ittapi_config_apply_per_lib :  ITTAPI function not implemented: __itt_state_get
98715 : 0xd44dfa75d8afc : 2 : ittapi_config_apply_per_lib :  ITTAPI function not implemented: __itt_state_set
98715 : 0xd44dfa75d9108 : 2 : ittapi_config_apply_per_lib :  ITTAPI function not implemented: __itt_obj_mode_set
98715 : 0xd44dfa75d9736 : 2 : ittapi_config_apply_per_lib :  ITTAPI function not implemented: __itt_thr_mode_set
98715 : 0xd44dfa75d9cc0 : 2 : ittapi_config_apply_per_lib :  ITTAPI function instrumented: __itt_frame_create
98715 : 0xd44dfa75da205 : 2 : ittapi_config_apply_per_lib :  ITTAPI function instrumented: __itt_frame_begin
98715 : 0xd44dfa75da727 : 2 : ittapi_config_apply_per_lib :  ITTAPI function instrumented: __itt_frame_end
98715 : 0xd44dfa75dad99 : 2 : ittapi_config_apply_per_lib :  ITTAPI function not implemented: __itt_counter_create
98715 : 0xd44dfa75db3df : 2 : ittapi_config_apply_per_lib :  ITTAPI function not implemented: __itt_counter_destroy
98715 : 0xd44dfa75db9ca : 2 : ittapi_config_apply_per_lib :  ITTAPI function not implemented: __itt_counter_inc
98715 : 0xd44dfa766067b : 2 : ittapi_config_apply_per_lib :  ITTAPI function not implemented: __itt_counter_inc_delta
98715 : 0xd44dfa7661311 : 2 : ittapi_config_apply_per_lib :  ITTAPI function not implemented: __itt_mark_create
98715 : 0xd44dfa7661954 : 2 : ittapi_config_apply_per_lib :  ITTAPI function not implemented: __itt_mark
98715 : 0xd44dfa7662010 : 2 : ittapi_config_apply_per_lib :  ITTAPI function not implemented: __itt_mark_off
98715 : 0xd44dfa7662661 : 2 : ittapi_config_apply_per_lib :  ITTAPI function not implemented: __itt_mark_global
98715 : 0xd44dfa7662ca2 : 2 : ittapi_config_apply_per_lib :  ITTAPI function not implemented: __itt_mark_global_off
98715 : 0xd44dfa7663253 : 2 : ittapi_config_apply_per_lib :  ITTAPI function instrumented: __itt_stack_caller_create
98715 : 0xd44dfa76637b2 : 2 : ittapi_config_apply_per_lib :  ITTAPI function instrumented: __itt_stack_caller_destroy
98715 : 0xd44dfa7663cff : 2 : ittapi_config_apply_per_lib :  ITTAPI function instrumented: __itt_stack_callee_enter
98715 : 0xd44dfa766421b : 2 : ittapi_config_apply_per_lib :  ITTAPI function instrumented: __itt_stack_callee_leave
98715 : 0xd44dfa798bd72 : 2 : ittapi_config_apply_per_lib :  ITTAPI function not implemented: __itt_clock_domain_create
98715 : 0xd44dfa798d7ee : 2 : ittapi_config_apply_per_lib :  ITTAPI function not implemented: __itt_clock_domain_reset
98715 : 0xd44dfa798e5c5 : 2 : ittapi_config_apply_per_lib :  ITTAPI function not implemented: __itt_id_create_ex
98715 : 0xd44dfa798f3d2 : 2 : ittapi_config_apply_per_lib :  ITTAPI function not implemented: __itt_id_destroy_ex
98715 : 0xd44dfa798fc4c : 2 : ittapi_config_apply_per_lib :  ITTAPI function NOT instrumented (not matched by --itt-config option): __itt_task_begin_ex

98715 : 0xd44dfa79904dd : 2 : ittapi_config_apply_per_lib :  ITTAPI function NOT instrumented (not matched by --itt-config option): __itt_task_begin_fn_ex

98715 : 0xd44dfa7990d6b : 2 : ittapi_config_apply_per_lib :  ITTAPI function NOT instrumented (not matched by --itt-config option): __itt_task_end_ex

98715 : 0xd44dfa799158e : 2 : ittapi_config_apply_per_lib :  ITTAPI function NOT instrumented (not matched by --itt-config option): __itt_task_begin_overlapped

98715 : 0xd44dfa7991e52 : 2 : ittapi_config_apply_per_lib :  ITTAPI function NOT instrumented (not matched by --itt-config option): __itt_task_begin_overlapped_ex

98715 : 0xd44dfa79926bb : 2 : ittapi_config_apply_per_lib :  ITTAPI function NOT instrumented (not matched by --itt-config option): __itt_task_end_overlapped

98715 : 0xd44dfa7a11e79 : 2 : ittapi_config_apply_per_lib :  ITTAPI function NOT instrumented (not matched by --itt-config option): __itt_task_end_overlapped_ex

98715 : 0xd44dfa7a13e95 : 2 : ittapi_config_apply_per_lib :  ITTAPI function not implemented: __itt_marker_ex
98715 : 0xd44dfa7a14de2 : 2 : ittapi_config_apply_per_lib :  ITTAPI function not implemented: __itt_metadata_add_with_scope
98715 : 0xd44dfa7a15d71 : 2 : ittapi_config_apply_per_lib :  ITTAPI function not implemented: __itt_metadata_str_add_with_scope
98715 : 0xd44dfa7a16cf3 : 2 : ittapi_config_apply_per_lib :  ITTAPI function not implemented: __itt_relation_add_to_current_ex
98715 : 0xd44dfa7a17b75 : 2 : ittapi_config_apply_per_lib :  ITTAPI function not implemented: __itt_relation_add_ex
98715 : 0xd44dfa7a18a1b : 2 : ittapi_config_apply_per_lib :  ITTAPI function not implemented: __itt_track_group_create
98715 : 0xd44dfa7a197d1 : 2 : ittapi_config_apply_per_lib :  ITTAPI function not implemented: __itt_track_create
98715 : 0xd44dfa7a1a523 : 2 : ittapi_config_apply_per_lib :  ITTAPI function not implemented: __itt_set_track
98715 : 0xd44dfa7a1b063 : 2 : ittapi_config_apply_per_lib :  ITTAPI function instrumented: __itt_api_version
98715 : 0xd44dfa7ab0d3f : 2 : ittapi_config_apply_per_lib :  ITTAPI function not implemented: __itt_av_save